[INFO ] 2021-10-02 20:28:56.142 [main] Log4jManager - Successfully Initiated Chrome Driver
[INFO ] 2021-10-02 20:28:56.530 [main] Log4jManager - Landed on Swag Labs
[INFO ] 2021-10-02 20:28:58.540 [main] Log4jManager - Verifed Url
[INFO ] 2021-10-02 20:30:21.779 [main] Log4jManager - Successfully Initiated Chrome Driver
[INFO ] 2021-10-02 20:30:22.031 [main] Log4jManager - Landed on Swag Labs
[INFO ] 2021-10-02 20:30:24.049 [main] Log4jManager - Verifed Url
[INFO ] 2021-10-02 20:49:22.896 [main] Log4jManager - Successfully Initiated Chrome Driver
[INFO ] 2021-10-02 20:49:23.284 [main] Log4jManager - Landed on Swag Labs
[INFO ] 2021-10-02 20:49:25.308 [main] Log4jManager - Verifed Url
[DEBUG] 2021-10-02 20:49:25.675 [main] Log4jManager - User entered UserName
[DEBUG] 2021-10-02 20:49:25.768 [main] Log4jManager - User entered Password
[INFO ] 2021-10-02 20:49:25.769 [main] Log4jManager - Entered sign in info
[INFO ] 2021-10-02 20:49:26.103 [main] Log4jManager - Sign in button clicked
[INFO ] 2021-10-02 20:49:28.578 [main] Log4jManager - Redirectd to main page
[INFO ] 2021-10-02 20:49:28.803 [main] Log4jManager - App Logo exists
[INFO ] 2021-10-02 20:49:44.849 [main] Log4jManager - Successfully Initiated Chrome Driver
[INFO ] 2021-10-02 20:49:45.090 [main] Log4jManager - Landed on Swag Labs
[INFO ] 2021-10-02 20:49:47.103 [main] Log4jManager - Verifed Url
[INFO ] 2021-10-02 20:53:13.009 [main] Log4jManager - Successfully Initiated Chrome Driver
[INFO ] 2021-10-02 20:53:13.278 [main] Log4jManager - Landed on Swag Labs
[INFO ] 2021-10-02 20:53:15.302 [main] Log4jManager - Verifed Url
[DEBUG] 2021-10-02 20:53:15.654 [main] Log4jManager - User entered UserName
[DEBUG] 2021-10-02 20:53:15.741 [main] Log4jManager - User entered Password
[INFO ] 2021-10-02 20:53:15.741 [main] Log4jManager - Entered sign in info
[INFO ] 2021-10-02 20:53:16.086 [main] Log4jManager - Sign in button clicked
[INFO ] 2021-10-02 20:53:18.583 [main] Log4jManager - Redirectd to main page
[INFO ] 2021-10-02 20:53:18.831 [main] Log4jManager - App Logo exists
[INFO ] 2021-10-02 20:53:52.924 [main] Log4jManager - Successfully Initiated Chrome Driver
[INFO ] 2021-10-02 20:53:53.176 [main] Log4jManager - Landed on Swag Labs
[INFO ] 2021-10-02 20:53:55.192 [main] Log4jManager - Verifed Url
[DEBUG] 2021-10-02 20:53:55.532 [main] Log4jManager - User entered UserName
[DEBUG] 2021-10-02 20:53:55.618 [main] Log4jManager - User entered Password
[INFO ] 2021-10-02 20:53:55.618 [main] Log4jManager - Entered sign in info
[INFO ] 2021-10-02 20:53:55.962 [main] Log4jManager - Sign in button clicked
[INFO ] 2021-10-02 20:53:58.498 [main] Log4jManager - Redirectd to main page
[INFO ] 2021-10-02 20:53:58.726 [main] Log4jManager - App Logo exists
[INFO ] 2021-10-02 20:53:59.806 [main] Log4jManager - Successfully Initiated Chrome Driver
[INFO ] 2021-10-02 20:54:00.061 [main] Log4jManager - Landed on Swag Labs
[INFO ] 2021-10-02 20:54:02.072 [main] Log4jManager - Verifed Url
[INFO ] 2021-10-02 21:07:18.612 [main] Log4jManager - Successfully Initiated Chrome Driver
[INFO ] 2021-10-02 21:07:19.241 [main] Log4jManager - Landed on Swag Labs
[INFO ] 2021-10-02 21:07:21.254 [main] Log4jManager - Verifed Url
[INFO ] 2021-10-02 21:10:11.045 [main] Log4jManager - Successfully Initiated Chrome Driver
[INFO ] 2021-10-02 21:10:11.320 [main] Log4jManager - Landed on Swag Labs
[INFO ] 2021-10-02 21:10:13.334 [main] Log4jManager - Verifed Url
[INFO ] 2021-10-02 21:11:10.999 [main] Log4jManager - Successfully Initiated Chrome Driver
[INFO ] 2021-10-02 21:11:11.259 [main] Log4jManager - Landed on Swag Labs
[INFO ] 2021-10-02 21:11:13.270 [main] Log4jManager - Verifed Url
[INFO ] 2021-10-02 21:11:59.213 [main] Log4jManager - Successfully Initiated Chrome Driver
[INFO ] 2021-10-02 21:11:59.470 [main] Log4jManager - Landed on Swag Labs
[INFO ] 2021-10-02 21:12:01.490 [main] Log4jManager - Verifed Url
[INFO ] 2021-10-02 21:16:06.110 [main] Log4jManager - Successfully Initiated Chrome Driver
[INFO ] 2021-10-02 21:16:06.344 [main] Log4jManager - Landed on Swag Labs
[INFO ] 2021-10-02 21:16:08.369 [main] Log4jManager - Verifed Url
[INFO ] 2021-10-02 21:20:12.230 [main] Log4jManager - Successfully Initiated Chrome Driver
[INFO ] 2021-10-02 21:20:12.636 [main] Log4jManager - Landed on Swag Labs
[INFO ] 2021-10-02 21:20:14.651 [main] Log4jManager - Verifed Url
[INFO ] 2021-10-02 21:21:47.195 [main] Log4jManager - Successfully Initiated Chrome Driver
[INFO ] 2021-10-02 21:21:47.473 [main] Log4jManager - Landed on Swag Labs
[INFO ] 2021-10-02 21:21:49.488 [main] Log4jManager - Verifed Url
[DEBUG] 2021-10-02 21:21:49.829 [main] Log4jManager - User entered UserName
[DEBUG] 2021-10-02 21:21:49.914 [main] Log4jManager - User entered Password
[INFO ] 2021-10-02 21:21:49.914 [main] Log4jManager - Entered sign in info
[INFO ] 2021-10-02 21:21:50.255 [main] Log4jManager - Sign in button clicked
[INFO ] 2021-10-02 21:21:52.736 [main] Log4jManager - Redirectd to main page
[INFO ] 2021-10-02 21:21:52.979 [main] Log4jManager - App Logo exists
[INFO ] 2021-10-02 21:23:17.868 [main] Log4jManager - Successfully Initiated Chrome Driver
[INFO ] 2021-10-02 21:23:18.313 [main] Log4jManager - Landed on Swag Labs
[INFO ] 2021-10-02 21:23:20.329 [main] Log4jManager - Verifed Url
[INFO ] 2021-10-02 21:25:11.566 [main] Log4jManager - Successfully Initiated Chrome Driver
[INFO ] 2021-10-02 21:25:13.184 [main] Log4jManager - Landed on Swag Labs
[INFO ] 2021-10-02 21:25:15.222 [main] Log4jManager - Verifed Url
[INFO ] 2021-10-02 21:26:33.319 [main] Log4jManager - Successfully Initiated Chrome Driver
[INFO ] 2021-10-02 21:26:33.706 [main] Log4jManager - Landed on Swag Labs
[INFO ] 2021-10-02 21:26:35.720 [main] Log4jManager - Verifed Url
[INFO ] 2021-10-02 21:27:05.860 [main] Log4jManager - Successfully Initiated Chrome Driver
[INFO ] 2021-10-02 21:27:06.235 [main] Log4jManager - Landed on Swag Labs
[INFO ] 2021-10-02 21:27:08.247 [main] Log4jManager - Verifed Url
[INFO ] 2021-10-02 21:27:08.808 [main] Log4jManager - Sign in button clicked
[INFO ] 2021-10-02 21:28:11.185 [main] Log4jManager - Successfully Initiated Chrome Driver
[INFO ] 2021-10-02 21:28:11.454 [main] Log4jManager - Landed on Swag Labs
[INFO ] 2021-10-02 21:28:13.462 [main] Log4jManager - Verifed Url
[INFO ] 2021-10-02 21:28:13.999 [main] Log4jManager - Sign in button clicked
[INFO ] 2021-10-02 21:31:26.372 [main] Log4jManager - Successfully Initiated Chrome Driver
[INFO ] 2021-10-02 21:31:26.779 [main] Log4jManager - Landed on Swag Labs
[INFO ] 2021-10-02 21:31:28.792 [main] Log4jManager - Verifed Url
[INFO ] 2021-10-02 21:41:35.384 [main] Log4jManager - Successfully Initiated Chrome Driver
[INFO ] 2021-10-02 21:41:35.767 [main] Log4jManager - Landed on Swag Labs
[INFO ] 2021-10-02 21:41:37.776 [main] Log4jManager - Verifed Url
[INFO ] 2021-10-02 21:42:18.926 [main] Log4jManager - Successfully Initiated Chrome Driver
[INFO ] 2021-10-02 21:42:19.178 [main] Log4jManager - Landed on Swag Labs
[INFO ] 2021-10-02 21:42:21.194 [main] Log4jManager - Verifed Url
[INFO ] 2021-10-02 21:43:22.230 [main] Log4jManager - Successfully Initiated Chrome Driver
[INFO ] 2021-10-02 21:43:22.475 [main] Log4jManager - Landed on Swag Labs
[INFO ] 2021-10-02 21:43:24.490 [main] Log4jManager - Verifed Url
[INFO ] 2021-10-02 21:44:34.387 [main] Log4jManager - Successfully Initiated Chrome Driver
[INFO ] 2021-10-02 21:44:34.727 [main] Log4jManager - Landed on Swag Labs
[INFO ] 2021-10-02 21:44:36.743 [main] Log4jManager - Verifed Url
[DEBUG] 2021-10-02 21:44:37.307 [main] Log4jManager - User entered UserName
[DEBUG] 2021-10-02 21:44:37.445 [main] Log4jManager - User entered Password
[INFO ] 2021-10-02 21:44:37.446 [main] Log4jManager - Entered sign in info
[INFO ] 2021-10-02 21:44:39.848 [main] Log4jManager - Sign in button clicked
[INFO ] 2021-10-02 21:44:49.618 [main] Log4jManager - App Logo exists
[INFO ] 2021-10-02 21:49:49.616 [main] Log4jManager - Successfully Initiated Chrome Driver
[INFO ] 2021-10-02 21:49:49.872 [main] Log4jManager - Landed on Swag Labs
[INFO ] 2021-10-02 21:49:51.888 [main] Log4jManager - Verifed Url
[DEBUG] 2021-10-02 21:49:52.245 [main] Log4jManager - User entered UserName
[DEBUG] 2021-10-02 21:49:52.333 [main] Log4jManager - User entered Password
[INFO ] 2021-10-02 21:49:52.333 [main] Log4jManager - Entered sign in info
[INFO ] 2021-10-02 21:49:52.730 [main] Log4jManager - Sign in button clicked
[INFO ] 2021-10-02 21:49:55.233 [main] Log4jManager - Redirectd to main page
[INFO ] 2021-10-02 21:49:55.457 [main] Log4jManager - App Logo exists
[INFO ] 2021-10-02 22:02:27.866 [main] Log4jManager - Successfully Initiated Chrome Driver
[INFO ] 2021-10-02 22:02:28.402 [main] Log4jManager - Landed on Swag Labs
[INFO ] 2021-10-02 22:02:30.414 [main] Log4jManager - Verifed Url
[DEBUG] 2021-10-02 22:02:30.979 [main] Log4jManager - User entered UserName
[DEBUG] 2021-10-02 22:02:31.129 [main] Log4jManager - User entered Password
[INFO ] 2021-10-02 22:02:31.130 [main] Log4jManager - Entered sign in info
[INFO ] 2021-10-02 22:02:31.623 [main] Log4jManager - Sign in button clicked
[INFO ] 2021-10-02 22:02:34.569 [main] Log4jManager - Redirectd to main page
[INFO ] 2021-10-02 22:02:34.808 [main] Log4jManager - App Logo exists
[INFO ] 2021-10-02 22:39:20.857 [main] Log4jManager - Successfully Initiated Chrome Driver
[INFO ] 2021-10-02 22:39:21.366 [main] Log4jManager - Landed on Swag Labs
[INFO ] 2021-10-02 22:39:23.386 [main] Log4jManager - Verifed Url
[DEBUG] 2021-10-02 22:39:23.717 [main] Log4jManager - User entered UserName
[DEBUG] 2021-10-02 22:39:23.791 [main] Log4jManager - User entered Password
[INFO ] 2021-10-02 22:39:23.791 [main] Log4jManager - Entered sign in info
[INFO ] 2021-10-02 22:39:24.127 [main] Log4jManager - Sign in button clicked
[INFO ] 2021-10-02 22:39:26.628 [main] Log4jManager - Redirectd to main page
[INFO ] 2021-10-02 22:39:26.846 [main] Log4jManager - App Logo exists
[INFO ] 2021-10-02 22:48:04.360 [main] Log4jManager - Successfully Initiated Chrome Driver
[INFO ] 2021-10-02 22:59:23.842 [main] Log4jManager - Successfully Initiated Chrome Driver
[INFO ] 2021-10-02 22:59:24.238 [main] Log4jManager - Landed on Swag Labs
[INFO ] 2021-10-02 22:59:26.253 [main] Log4jManager - Verifed Url
[DEBUG] 2021-10-02 22:59:26.707 [main] Log4jManager - User entered UserName
[DEBUG] 2021-10-02 22:59:26.814 [main] Log4jManager - User entered Password
[INFO ] 2021-10-02 22:59:26.814 [main] Log4jManager - Entered sign in info
[INFO ] 2021-10-02 22:59:27.173 [main] Log4jManager - Sign in button clicked
[INFO ] 2021-10-02 23:00:55.108 [main] Log4jManager - Successfully Initiated Chrome Driver
[INFO ] 2021-10-02 23:00:55.381 [main] Log4jManager - Landed on Swag Labs
[INFO ] 2021-10-02 23:00:57.405 [main] Log4jManager - Verifed Url
[DEBUG] 2021-10-02 23:00:57.802 [main] Log4jManager - User entered UserName
[DEBUG] 2021-10-02 23:00:57.900 [main] Log4jManager - User entered Password
[INFO ] 2021-10-02 23:00:57.900 [main] Log4jManager - Entered sign in info
[INFO ] 2021-10-02 23:00:58.233 [main] Log4jManager - Sign in button clicked
[INFO ] 2021-10-02 23:09:47.036 [main] Log4jManager - Successfully Initiated Chrome Driver
[INFO ] 2021-10-02 23:09:47.569 [main] Log4jManager - Landed on Swag Labs
[INFO ] 2021-10-02 23:09:49.583 [main] Log4jManager - Verifed Url
[DEBUG] 2021-10-02 23:09:50.165 [main] Log4jManager - User entered UserName
[DEBUG] 2021-10-02 23:09:50.318 [main] Log4jManager - User entered Password
[INFO ] 2021-10-02 23:09:50.318 [main] Log4jManager - Entered sign in info
[INFO ] 2021-10-02 23:09:50.771 [main] Log4jManager - Sign in button clicked
[INFO ] 2021-10-02 23:11:21.993 [main] Log4jManager - Successfully Initiated Chrome Driver
[INFO ] 2021-10-02 23:11:22.387 [main] Log4jManager - Landed on Swag Labs
[INFO ] 2021-10-02 23:11:24.404 [main] Log4jManager - Verifed Url
[DEBUG] 2021-10-02 23:11:24.935 [main] Log4jManager - User entered UserName
[DEBUG] 2021-10-02 23:11:25.058 [main] Log4jManager - User entered Password
[INFO ] 2021-10-02 23:11:25.058 [main] Log4jManager - Entered sign in info
[INFO ] 2021-10-02 23:11:25.454 [main] Log4jManager - Sign in button clicked
[INFO ] 2021-10-02 23:17:33.887 [main] Log4jManager - Successfully Initiated Chrome Driver
[INFO ] 2021-10-02 23:17:34.381 [main] Log4jManager - Landed on Swag Labs
[INFO ] 2021-10-02 23:17:36.402 [main] Log4jManager - Verifed Url
[DEBUG] 2021-10-02 23:17:37.240 [main] Log4jManager - User entered UserName
[DEBUG] 2021-10-02 23:17:37.456 [main] Log4jManager - User entered Password
[INFO ] 2021-10-02 23:17:37.456 [main] Log4jManager - Entered sign in info
[INFO ] 2021-10-02 23:17:37.983 [main] Log4jManager - Sign in button clicked
[INFO ] 2021-10-02 23:23:02.209 [main] Log4jManager - Successfully Initiated Chrome Driver
[INFO ] 2021-10-02 23:23:02.845 [main] Log4jManager - Landed on Swag Labs
[INFO ] 2021-10-02 23:23:04.871 [main] Log4jManager - Verifed Url
[DEBUG] 2021-10-02 23:23:05.838 [main] Log4jManager - User entered UserName
[DEBUG] 2021-10-02 23:23:06.025 [main] Log4jManager - User entered Password
[INFO ] 2021-10-02 23:23:06.025 [main] Log4jManager - Entered sign in info
[INFO ] 2021-10-02 23:23:06.488 [main] Log4jManager - Sign in button clicked
[INFO ] 2021-10-02 23:23:36.684 [main] Log4jManager - Successfully Initiated Chrome Driver
[INFO ] 2021-10-02 23:23:37.224 [main] Log4jManager - Landed on Swag Labs
[INFO ] 2021-10-02 23:23:39.250 [main] Log4jManager - Verifed Url
[DEBUG] 2021-10-02 23:23:40.259 [main] Log4jManager - User entered UserName
[DEBUG] 2021-10-02 23:23:40.507 [main] Log4jManager - User entered Password
[INFO ] 2021-10-02 23:23:40.508 [main] Log4jManager - Entered sign in info
[INFO ] 2021-10-02 23:23:41.227 [main] Log4jManager - Sign in button clicked
[INFO ] 2021-10-02 23:23:44.831 [main] Log4jManager - Redirectd to main page
[INFO ] 2021-10-02 23:23:45.607 [main] Log4jManager - App Logo exists
[INFO ] 2021-10-02 23:23:47.813 [main] Log4jManager - Successfully Initiated Chrome Driver
[INFO ] 2021-10-02 23:23:48.357 [main] Log4jManager - Landed on Swag Labs
[INFO ] 2021-10-02 23:23:50.378 [main] Log4jManager - Verifed Url
[DEBUG] 2021-10-02 23:23:50.666 [main] Log4jManager - User entered UserName
[DEBUG] 2021-10-02 23:23:50.792 [main] Log4jManager - User entered Password
[INFO ] 2021-10-02 23:23:50.793 [main] Log4jManager - Entered sign in info
[INFO ] 2021-10-02 23:23:51.184 [main] Log4jManager - Sign in button clicked
[INFO ] 2021-10-02 23:25:47.707 [main] Log4jManager - Successfully Initiated Chrome Driver
[INFO ] 2021-10-02 23:25:48.190 [main] Log4jManager - Landed on Swag Labs
[INFO ] 2021-10-02 23:25:50.205 [main] Log4jManager - Verifed Url
[DEBUG] 2021-10-02 23:25:51.059 [main] Log4jManager - User entered UserName
[DEBUG] 2021-10-02 23:25:51.370 [main] Log4jManager - User entered Password
[INFO ] 2021-10-02 23:25:51.370 [main] Log4jManager - Entered sign in info
[INFO ] 2021-10-02 23:25:51.914 [main] Log4jManager - Sign in button clicked
[INFO ] 2021-10-02 23:25:52.447 [main] Log4jManager - Expected messagage is Sorry, this user has been banned.
[INFO ] 2021-10-02 23:25:52.448 [main] Log4jManager - Actual messagage is Epic sadface: Sorry, this user has been locked out.
[INFO ] 2021-10-02 23:29:48.876 [main] Log4jManager - Successfully Initiated Chrome Driver
[INFO ] 2021-10-02 23:29:49.138 [main] Log4jManager - Landed on Swag Labs
[INFO ] 2021-10-02 23:29:51.146 [main] Log4jManager - Verifed Url
[DEBUG] 2021-10-02 23:29:51.506 [main] Log4jManager - User entered UserName
[DEBUG] 2021-10-02 23:29:51.591 [main] Log4jManager - User entered Password
[INFO ] 2021-10-02 23:29:51.592 [main] Log4jManager - Entered sign in info
[INFO ] 2021-10-02 23:29:51.973 [main] Log4jManager - Sign in button clicked
[INFO ] 2021-10-02 23:29:54.484 [main] Log4jManager - Redirectd to main page
[INFO ] 2021-10-02 23:29:54.728 [main] Log4jManager - App Logo exists
[INFO ] 2021-10-02 23:29:55.782 [main] Log4jManager - Successfully Initiated Chrome Driver
[INFO ] 2021-10-02 23:29:56.024 [main] Log4jManager - Landed on Swag Labs
[INFO ] 2021-10-02 23:29:58.034 [main] Log4jManager - Verifed Url
[DEBUG] 2021-10-02 23:29:58.276 [main] Log4jManager - User entered UserName
[DEBUG] 2021-10-02 23:29:58.372 [main] Log4jManager - User entered Password
[INFO ] 2021-10-02 23:29:58.372 [main] Log4jManager - Entered sign in info
[INFO ] 2021-10-02 23:29:58.702 [main] Log4jManager - Sign in button clicked
[INFO ] 2021-10-02 23:29:58.932 [main] Log4jManager - Expected messagage is Sorry, this user has been banned.
[INFO ] 2021-10-02 23:29:58.932 [main] Log4jManager - Actual messagage is Epic sadface: Sorry, this user has been locked out.
